11.27.2023 16:49 | Cat Up Map 1 | 0h 2m 36s
11.27.2023 16:52 | Cat Up Map 1 | 0h 0m 17s
11.27.2023 21:00 | Cat Up Map 1 | 0h 1m 16s
11.27.2023 21:03 | Cat Up Map 1 | 0h 2m 17s
11.27.2023 21:16 | Cat Up Map 1 | 0h 1m 0s
11.27.2023 21:18 | Cat Up Map 1 | 0h 0m 36s
11.27.2023 21:19 | Cat Up Map 1 | 0h 1m 1s
11.27.2023 21:21 | Cat Up Map 1 | 0h 1m 0s
11.27.2023 21:23 | Cat Up Map 1 | 0h 2m 6s
11.27.2023 21:32 | Cat Up Map 1 | 0h 5m 23s
11.27.2023 21:35 | Cat Up Map 1 | 0h 1m 1s
11.27.2023 21:37 | Cat Up Map 1 | 0h 1m 0s
11.27.2023 21:40 | Cat Up Map 1 | 0h 2m 6s
11.27.2023 21:43 | Cat Up Map 1 | 0h 2m 7s
11.27.2023 21:45 | Cat Up Map 1 | 0h 2m 6s
11.27.2023 21:48 | Cat Up Map 1 | 0h 2m 10s
11.27.2023 21:51 | Cat Up Map 1 | 0h 2m 11s
11.27.2023 21:54 | Cat Up Map 1 | 0h 2m 11s
11.28.2023 14:48 | Cat Up Map 1 | 0h 2m 33s
11.28.2023 14:51 | Cat Up Map 1 | 0h 2m 32s
11.28.2023 15:27 | Cat Up Map 1 | 0h 2m 28s
11.28.2023 15:33 | Cat Up Map 1 | 0h 2m 26s
11.28.2023 15:39 | Cat Up Map 1 | 0h 3m 4s
11.28.2023 15:48 | Cat Up Map 1 | 0h 6m 48s
11.28.2023 15:56 | Cat Up Map 1 | 0h 7m 13s
11.28.2023 21:07 | Cat Up Map 1 | 0h 2m 17s
11.28.2023 21:10 | Cat Up Map 1 | 0h 2m 16s
11.28.2023 22:03 | Cat Up Map 1 | 0h 3m 33s
11.28.2023 22:08 | Cat Up Map 1 | 0h 3m 25s
11.28.2023 22:14 | Cat Up Map 1 | 0h 3m 23s
11.28.2023 22:19 | Cat Up Map 1 | 0h 3m 29s
11.28.2023 22:23 | Cat Up Map 1 | 0h 3m 32s
11.28.2023 22:34 | Cat Up Map 1 | 0h 8m 24s
11.28.2023 22:42 | Cat Up Map 1 | 0h 8m 4s
11.28.2023 22:50 | Cat Up Map 1 | 0h 2m 54s
11.28.2023 22:55 | Cat Up Map 1 | 0h 2m 51s
11.28.2023 22:58 | Cat Up Map 1 | 0h 2m 48s
11.28.2023 23:01 | Cat Up Map 1 | 0h 2m 45s
11.28.2023 23:06 | Cat Up Map 1 | 0h 2m 45s
11.28.2023 23:13 | Cat Up Map 1 | 0h 1m 35s
11.28.2023 23:16 | Cat Up Map 1 | 0h 1m 42s
11.28.2023 23:21 | Cat Up Map 1 | 0h 1m 43s
11.28.2023 23:23 | Cat Up Map 1 | 0h 1m 43s
11.28.2023 23:24 | Cat Up Map 1 | 0h 0m 20s
11.28.2023 23:25 | Cat Up Map 1 | 0h 0m 12s
11.29.2023 00:12 | Test Bake | 0h 0m 8s
11.29.2023 00:12 | Test Bake | 0h 0m 6s
11.29.2023 00:13 | Test Bake | 0h 0m 6s
11.29.2023 00:14 | Test Bake | 0h 0m 7s
11.29.2023 00:15 | Test Bake | 0h 0m 5s
11.29.2023 00:15 | Test Bake | 0h 0m 5s
11.29.2023 00:20 | Test Bake | 0h 0m 5s
11.29.2023 00:20 | Test Bake | 0h 0m 5s
11.29.2023 00:25 | Test Bake | 0h 0m 5s
11.29.2023 00:28 | Test Bake | 0h 0m 17s
11.29.2023 00:34 | Test Bake | 0h 1m 42s
11.29.2023 00:35 | Test Bake | 0h 0m 17s
11.29.2023 00:36 | Test Bake | 0h 0m 20s
11.29.2023 00:37 | Test Bake | 0h 0m 23s
11.29.2023 00:38 | Test Bake | 0h 0m 17s
11.29.2023 00:43 | Test Bake | 0h 0m 14s
11.29.2023 00:46 | Test Bake | 0h 0m 12s
11.29.2023 00:47 | Test Bake | 0h 0m 14s
11.29.2023 00:48 | Test Bake | 0h 0m 6s
11.29.2023 00:48 | Test Bake | 0h 0m 5s
11.29.2023 00:49 | Test Bake | 0h 0m 5s
11.29.2023 00:52 | Test Bake | 0h 0m 5s
11.29.2023 00:53 | Test Bake | 0h 0m 5s
11.29.2023 00:53 | Test Bake | 0h 0m 4s
11.29.2023 00:54 | Test Bake | 0h 0m 10s
11.29.2023 01:04 | Test Bake | 0h 1m 13s
11.29.2023 01:06 | Test Bake | 0h 0m 31s
11.29.2023 08:59 | Test Bake | 0h 2m 10s
11.29.2023 09:05 | Test Bake | 0h 0m 21s
11.29.2023 13:02 | Cat Up Map 1 | 0h 4m 59s
11.29.2023 13:07 | Cat Up Map 1 | 0h 4m 29s
11.29.2023 13:11 | Cat Up Map 1 | 0h 2m 52s
11.29.2023 13:18 | Cat Up Map 1 | 0h 4m 56s
11.29.2023 13:20 | Cat Up Map 1 | 0h 1m 39s
11.29.2023 13:25 | Cat Up Map 1 | 0h 1m 25s
11.29.2023 13:27 | Cat Up Map 1 | 0h 1m 24s
11.29.2023 13:45 | Cat Up Map 1 | 0h 10m 57s
11.29.2023 13:49 | Cat Up Map 1 | 0h 3m 14s
11.29.2023 13:58 | Cat Up Map 1 | 0h 6m 37s
11.29.2023 14:05 | Cat Up Map 1 | 0h 6m 34s
11.29.2023 14:47 | Cat Up Map 1 | 0h 8m 11s
11.29.2023 15:46 | Cat Up Map 1 | 0h 3m 3s
11.29.2023 15:54 | Cat Up Map 1 | 0h 6m 29s
11.29.2023 16:19 | Cat Up Map 1 | 0h 5m 40s
11.29.2023 17:25 | Cat Up Map 1 | 0h 21m 7s
11.29.2023 19:53 | Cat Up Map 1 | 0h 5m 32s
11.29.2023 21:23 | Cat Up Map 1 | 0h 20m 51s
12.01.2023 08:05 | Cat Up Map 1 | 0h 14m 36s
12.01.2023 08:40 | Cat Up Map 1 | 0h 24m 57s
12.03.2023 12:02 | Cat Up Map 1 | 0h 1m 44s
12.03.2023 12:03 | Cat Up Map 1 | 0h 0m 28s
12.03.2023 12:05 | Cat Up Map 1 | 0h 0m 43s
12.03.2023 12:07 | Cat Up Map 1 | 0h 0m 57s
12.03.2023 12:17 | Cat Up Map 1 | 0h 3m 20s
12.03.2023 12:22 | Cat Up Map 1 | 0h 3m 17s
12.03.2023 12:25 | Cat Up Map 1 | 0h 3m 18s
12.03.2023 12:29 | Cat Up Map 1 | 0h 3m 31s
12.03.2023 12:38 | Cat Up Map 1 | 0h 7m 57s
12.03.2023 13:07 | Cat Up Map 1 | 0h 24m 37s
12.03.2023 19:40 | Cat Up Map 1 | 0h 5m 5s
12.03.2023 20:25 | Cat Up Map 1 | 0h 1m 4s
12.03.2023 20:27 | Cat Up Map 1 | 0h 1m 6s
12.03.2023 20:29 | Cat Up Map 1 | 0h 1m 2s
12.03.2023 20:31 | Cat Up Map 1 | 0h 1m 5s
12.03.2023 20:33 | Cat Up Map 1 | 0h 1m 1s
12.03.2023 20:37 | Cat Up Map 1 | 0h 1m 43s
12.04.2023 22:19 | Cat Up Map 1 | 0h 0m 42s
12.04.2023 22:26 | Cat Up Map 1 | 0h 5m 52s
12.04.2023 22:48 | Cat Up Map 1 | 0h 5m 49s
12.04.2023 23:08 | Cat Up Map 1 | 0h 4m 53s
12.05.2023 09:35 | Cat Up Map 1 | 0h 5m 42s
12.05.2023 10:08 | Cat Up Map 1 | 0h 4m 34s
12.05.2023 10:23 | Cat Up Map 1 | 0h 4m 37s
12.05.2023 10:42 | Cat Up Map 1 | 0h 4m 29s
12.05.2023 11:05 | Cat Up Map 1 | 0h 5m 56s
12.05.2023 11:31 | Cat Up Map 1 | 0h 24m 36s
12.05.2023 12:43 | Cat Up Map 1 | 0h 7m 26s
12.05.2023 12:53 | Cat Up Map 1 | 0h 6m 5s
12.05.2023 13:11 | Cat Up Map 1 | 0h 10m 24s
12.05.2023 13:50 | Cat Up Map 1 | 0h 23m 46s
12.05.2023 14:43 | Cat Up Map 1 | 0h 49m 28s
12.05.2023 14:56 | Cat Up Map 1 | 0h 7m 43s
12.06.2023 11:12 | Cat Up Map 1 | 0h 46m 14s
12.06.2023 13:11 | Cat Up Map 1 | 1h 46m 20s
12.16.2023 23:07 | Cat Up Tornado map | 0h 8m 18s
12.17.2023 00:47 | Cat Up Tornado map | 1h 37m 18s
12.18.2023 23:24 | Editor version | 1h 35m 27s
12.19.2023 02:13 | Tornado map | 2h 20m 34s
